;Building Log 
"..\neowayinc\smi.h", line 29: Warning:  #1295-D: Deprecated declaration Neo_Uart_Init - give arg types
  extern void Neo_Uart_Init();
              ^
"..\neowayinc\smi.h", line 30: Warning:  #1295-D: Deprecated declaration Neo_gpio_Init - give arg types
  extern void Neo_gpio_Init();
              ^
"example_helloWorld.c", line 83: Warning:  #167-D: argument of type "U8 *" is incompatible with parameter of type "S8 *"
  			sprintf(MSG_Send_Cmd,"at+cmgs=\"%s\"\r",desti_mob_number);
  			        ^
"example_helloWorld.c", line 118: Warning:  #167-D: argument of type "U8 *" is incompatible with parameter of type "char *"
  						moisture_cmp(b_voltage, s_voltage, message);
  						                                   ^
"example_helloWorld.c", line 121: Warning:  #167-D: argument of type "U8 *" is incompatible with parameter of type "S8 *"
  							strcat(message_data, message);
  							       ^
"example_helloWorld.c", line 121: Warning:  #167-D: argument of type "U8 *" is incompatible with parameter of type "const S8 *"
  							strcat(message_data, message);
  							                     ^
"example_helloWorld.c", line 123: Warning:  #167-D: argument of type "U8 *" is incompatible with parameter of type "const S8 *"
  							memcpy(message, message_data, strlen(message_data));
  							                                     ^
"example_helloWorld.c", line 172: Warning:  #167-D: argument of type "U8 *" is incompatible with parameter of type "const S8 *"
  				memcpy(Local_msg_buf, receive_msg_buf, strlen(receive_msg_buf));
  				                                              ^
"example_helloWorld.c", line 176: Warning:  #167-D: argument of type "U8 *" is incompatible with parameter of type "char *"
  				extract_message(Local_msg_buf);
  				                ^
"example_helloWorld.c", line 207: Warning:  #167-D: argument of type "U8 *" is incompatible with parameter of type "const S8 *"
  			memcpy(message, msg_data_changed, strlen(msg_data_changed));
  			                                         ^
example_helloWorld.c: 10 warnings, 0 errors
"neoway_message.c", line 146: Warning:  #167-D: argument of type "U8 *" is incompatible with parameter of type "const S8 *"
  		for(i=0;i<strlen(Buffaddr);i++){
  		                 ^
"neoway_message.c", line 186: Warning:  #167-D: argument of type "S8 *" is incompatible with parameter of type "U8 *"
  				Neo_SearchAtResponse(&gNeo_at_response_parser.buffer[gNeo_at_response_parser.start_position],gNeo_at_response_parser.column-1, mod_id);
  				                     ^
"neoway_message.c", line 284: Warning:  #167-D: argument of type "S8 *" is incompatible with parameter of type "char *"
  				Neoway_VirtualUartSend(NEOWAY_MOD_USER1,gNeo_at_info.send_str,gNeo_at_info.str_length);
  				                                        ^
"neoway_message.c", line 301: Warning:  #167-D: argument of type "S8 *" is incompatible with parameter of type "char *"
  		Neoway_VirtualUartSend(NEOWAY_MOD_USER1,gNeo_at_info.send_data,gNeo_at_info.data_length);		
  		                                        ^
"neoway_message.c", line 591: Warning:  #223-D: function "asciitohex" declared implicitly
  					asciitohex(message);
  					^
"neoway_message.c", line 592: Warning:  #167-D: argument of type "U8 *" is incompatible with parameter of type "const S8 *"
  					message[strlen(message)]='\x1a';
  					               ^
"neoway_message.c", line 593: Warning:  #167-D: argument of type "U8 *" is incompatible with parameter of type "const S8 *"
  					Neo_SendAT(CMD_CMGS, MSG_Send_Cmd,strlen(MSG_Send_Cmd), message, strlen(message));
  					                                         ^
"neoway_message.c", line 593: Warning:  #167-D: argument of type "U8 *" is incompatible with parameter of type "const S8 *"
  					Neo_SendAT(CMD_CMGS, MSG_Send_Cmd,strlen(MSG_Send_Cmd), message, strlen(message));
  					                                                                        ^
"neoway_message.c", line 593: Warning:  #167-D: argument of type "U8 *" is incompatible with parameter of type "S8 *"
  					Neo_SendAT(CMD_CMGS, MSG_Send_Cmd,strlen(MSG_Send_Cmd), message, strlen(message));
  					                     ^
"neoway_message.c", line 593: Warning:  #167-D: argument of type "U8 *" is incompatible with parameter of type "S8 *"
  					Neo_SendAT(CMD_CMGS, MSG_Send_Cmd,strlen(MSG_Send_Cmd), message, strlen(message));
  					                                                        ^
neoway_message.c: 10 warnings, 0 errors
"..\neowayinc\neoway_analysis_sms.h", line 102: Warning:  #1295-D: Deprecated declaration Neoway_SOS_Gpio_Listening_Mode - give arg types
  void Neoway_SOS_Gpio_Listening_Mode();
       ^
"..\neowayinc\neoway_analysis_sms.h", line 104: Warning:  #1295-D: Deprecated declaration Neoway_Blackout_Listening_Mode - give arg types
  void Neoway_Blackout_Listening_Mode();	/*Process the alarm for oil and electricity cutoff alarm*/
       ^
"..\neowayinc\neoway_analysis_sms.h", line 105: Warning:  #1295-D: Deprecated declaration Neoway_Fire_Switch_Listening_Mode - give arg types
  void Neoway_Fire_Switch_Listening_Mode();
       ^
"..\neowayinc\neoway_analysis_sms.h", line 106: Warning:  #1295-D: Deprecated declaration Neoway_Deal_SOS_Mode - give arg types
  void Neoway_Deal_SOS_Mode();
       ^
"..\neowayinc\neoway_analysis_sms.h", line 107: Warning:  #1295-D: Deprecated declaration Neoway_DealLPDMode - give arg types
  void Neoway_DealLPDMode();
       ^
"..\neowayinc\neoway_analysis_sms.h", line 108: Warning:  #1295-D: Deprecated declaration Neoway_DealJXMode - give arg types
  void Neoway_DealJXMode();
       ^
"..\neowayinc\neoway_analysis_sms.h", line 109: Warning:  #1295-D: Deprecated declaration Neoway_Deal_Blackout_Mode - give arg types
  void Neoway_Deal_Blackout_Mode();
       ^
"..\neowayinc\neoway_analysis_sms.h", line 111: Warning:  #1295-D: Deprecated declaration Neoway_ReportSOSAlarm - give arg types
  void Neoway_ReportSOSAlarm();
       ^
"..\neowayinc\neoway_analysis_sms.h", line 113: Warning:  #1295-D: Deprecated declaration Neoway_ReportStandbyLDPAlarm - give arg types
  void Neoway_ReportStandbyLDPAlarm();
       ^
"..\neowayinc\neoway_analysis_sms.h", line 115: Warning:  #1295-D: Deprecated declaration Neoway_ReportLDPAlarm - give arg types
  void Neoway_ReportLDPAlarm();
       ^
"..\neowayinc\neoway_analysis_sms.h", line 117: Warning:  #1295-D: Deprecated declaration Neoway_ReportJXAlarm - give arg types
  void Neoway_ReportJXAlarm();
       ^
"..\neowayinc\neoway_analysis_sms.h", line 119: Warning:  #1295-D: Deprecated declaration Neoway_ReportOUTAlarm - give arg types
  void Neoway_ReportOUTAlarm();
       ^
"..\neowayinc\neoway_analysis_sms.h", line 121: Warning:  #1295-D: Deprecated declaration Neoway_ReportBlackoutAlarm - give arg types
  void Neoway_ReportBlackoutAlarm();
       ^
"..\neowayinc\neoway_analysis_sms.h", line 134: Warning:  #1295-D: Deprecated declaration Neoway_RepParamByGPRS - give arg types
  void Neoway_RepParamByGPRS();
       ^
"neoway_analysis_sms.c", line 390: Warning:  #188-D: enumerated type mixed with another type
  		Neoway_UartSend(0, "DCS 08 invalid\r\n", 16);
  		                ^
"neoway_analysis_sms.c", line 401: Warning:  #188-D: enumerated type mixed with another type
  		Neoway_UartSend(0, "DCS 08 invalid\r\n", 16);
  		                ^
"neoway_analysis_sms.c", line 426: Warning:  #167-D: argument of type "const char *" is incompatible with parameter of type "const S8 *"
  	strcpy(p_dst, p_src);
  	              ^
"neoway_analysis_sms.c", line 475: Warning:  #167-D: argument of type "S8 *" is incompatible with parameter of type "const char *"
  			if (!GetFlagNumber(p_ud, &n_count) || n_count != 5)
  			                   ^
"neoway_analysis_sms.c", line 481: Warning:  #167-D: argument of type "S8 *" is incompatible with parameter of type "const char *"
  			if (!GetFlagNumber(p_ud, &n_count) || n_count != 7)
  			                   ^
"neoway_analysis_sms.c", line 487: Warning:  #167-D: argument of type "S8 *" is incompatible with parameter of type "const char *"
  			if (!GetFlagNumber(p_ud, &n_count) || n_count != 6)
  			                   ^
"neoway_analysis_sms.c", line 493: Warning:  #167-D: argument of type "S8 *" is incompatible with parameter of type "const char *"
  			if (!GetFlagNumber(p_ud, &n_count) || n_count != 6)
  			                   ^
"neoway_analysis_sms.c", line 499: Warning:  #167-D: argument of type "S8 *" is incompatible with parameter of type "const char *"
  			if (!GetFlagNumber(p_ud, &n_count) || n_count != 8)
  			                   ^
"neoway_analysis_sms.c", line 505: Warning:  #167-D: argument of type "S8 *" is incompatible with parameter of type "const char *"
  			if (!GetFlagNumber(p_ud, &n_count) || n_count != 4)
  			                   ^
"neoway_analysis_sms.c", line 511: Warning:  #167-D: argument of type "S8 *" is incompatible with parameter of type "const char *"
  			if (!GetFlagNumber(p_ud, &n_count) || n_count != 4)
  			                   ^
"neoway_analysis_sms.c", line 517: Warning:  #167-D: argument of type "S8 *" is incompatible with parameter of type "const char *"
  			if (!GetFlagNumber(p_ud, &n_count) || n_count != 5)
  			                   ^
"neoway_analysis_sms.c", line 523: Warning:  #167-D: argument of type "S8 *" is incompatible with parameter of type "const char *"
  			if (!GetFlagNumber(p_ud, &n_count) || n_count != 5)
  			                   ^
"neoway_analysis_sms.c", line 529: Warning:  #167-D: argument of type "S8 *" is incompatible with parameter of type "const char *"
  			if (!GetFlagNumber(p_ud, &n_count) || n_count != 7)
  			                   ^
"neoway_analysis_sms.c", line 535: Warning:  #167-D: argument of type "S8 *" is incompatible with parameter of type "const char *"
  			if (!GetFlagNumber(p_ud, &n_count) || n_count != 6)
  			                   ^
"neoway_analysis_sms.c", line 541: Warning:  #167-D: argument of type "S8 *" is incompatible with parameter of type "const char *"
  			if (!GetFlagNumber(p_ud, &n_count) || n_count != 6)
  			                   ^
"neoway_analysis_sms.c", line 547: Warning:  #167-D: argument of type "S8 *" is incompatible with parameter of type "const char *"
  			if (!GetFlagNumber(p_ud, &n_count) || n_count != 3)
  			                   ^
"neoway_analysis_sms.c", line 553: Warning:  #167-D: argument of type "S8 *" is incompatible with parameter of type "const char *"
  			if (!GetFlagNumber(p_ud, &n_count) || n_count != 3)
  			                   ^
"neoway_analysis_sms.c", line 559: Warning:  #167-D: argument of type "S8 *" is incompatible with parameter of type "const char *"
  			if (!GetFlagNumber(p_ud, &n_count) || n_count != 6)
  			                   ^
"neoway_analysis_sms.c", line 567: Warning:  #940-D: missing return statement at end of non-void function "Neoway_GetCustomCmd"
  }
  ^
"neoway_analysis_sms.c", line 756: Warning:  #111-D: statement is unreachable
  	p_ud++;
  	^
"neoway_analysis_sms.c", line 76: Warning: C3017W: c_left may be used before being set
	U8 		c_left;	//Data remained by last byte
      ^
"neoway_analysis_sms.c", line 343: Warning: C3017W: n_dst_length may be used before being set
	int n_dst_length;			//the length of the target PDU string
     ^
neoway_analysis_sms.c: 36 warnings, 0 errors
"..\neowayinc\smi.h", line 29: Warning:  #1295-D: Deprecated declaration Neo_Uart_Init - give arg types
  extern void Neo_Uart_Init();
              ^
"..\neowayinc\smi.h", line 30: Warning:  #1295-D: Deprecated declaration Neo_gpio_Init - give arg types
  extern void Neo_gpio_Init();
              ^
"smi.c", line 57: Warning:  #167-D: argument of type "char *" is incompatible with parameter of type "const S8 *"
      for(i=0,j=0;i<strlen(str);i++,j+=2)		/*converting str character into Hex and adding into strH*/
                           ^
"smi.c", line 59: Warning:  #167-D: argument of type "char *" is incompatible with parameter of type "S8 *"
          sprintf((char*)strH+j,"%02X",str[i]); // %02x means print at least 2 digits
                  ^
"smi.c", line 62: Warning:  #167-D: argument of type "char *" is incompatible with parameter of type "S8 *"
      strcpy(str,strH);
             ^
"smi.c", line 62: Warning:  #167-D: argument of type "unsigned char *" is incompatible with parameter of type "const S8 *"
      strcpy(str,strH);
                 ^
"smi.c", line 145: Warning:  #167-D: argument of type "char *" is incompatible with parameter of type "S8 *"
  		sprintf(msg_buf,"moisture sensor battery is low %d%c\0",batery_voltage_level,symbol);
  		        ^
"smi.c", line 148: Warning:  #167-D: argument of type "char *" is incompatible with parameter of type "S8 *"
  		sprintf(msg_buf,"Battery=%d%c, moisture %0.2fV High Moisture\0",batery_voltage_level,symbol,sensor_Voltage);
  		        ^
"smi.c", line 151: Warning:  #167-D: argument of type "char *" is incompatible with parameter of type "S8 *"
  		sprintf(msg_buf,"Battery=%d%c, moisture %0.2fV No Need For Irrigation\0",batery_voltage_level,symbol,sensor_Voltage);
  		        ^
"smi.c", line 154: Warning:  #167-D: argument of type "char *" is incompatible with parameter of type "S8 *"
  		sprintf(msg_buf,"Battery=%d%c, moisture %0.2fV Low Moisture\0",batery_voltage_level,symbol,sensor_Voltage);
  		        ^
smi.c: 10 warnings, 0 errors
"fota.c", line 57: Warning:  #167-D: argument of type "U8 *" is incompatible with parameter of type "S8 *"
  			    sprintf(app_version,"\"app_version\":\"%s\"", app_ver);
  			            ^
fota.c: 1 warning, 0 errors
"..\neowayinc\smi.h", line 29: Warning:  #1295-D: Deprecated declaration Neo_Uart_Init - give arg types
  extern void Neo_Uart_Init();
              ^
"..\neowayinc\smi.h", line 30: Warning:  #1295-D: Deprecated declaration Neo_gpio_Init - give arg types
  extern void Neo_gpio_Init();
              ^
"user.c", line 99: Warning:  #223-D: function "sscanf" declared implicitly
  		if ( sscanf(ptr, "%2x%n", &ch, &n) != 1 )
  		     ^
"user.c", line 110: Warning:  #167-D: argument of type "char *" is incompatible with parameter of type "const S8 *"
  	memcpy(Rec_Msg, convertion_buffer, strlen(convertion_buffer));
  	                                          ^
"user.c", line 113: Warning:  #1166-D: returning pointer to local variable
  	return convertion_buffer;
  	       ^
"user.c", line 163: Warning:  #513-D: a value of type "char *" cannot be assigned to an entity of type "U8 *"
  	if((ptr=strstr(rec_msg_buf,"+91")))
  	       ^
"user.c", line 163: Warning:  #1293-D: assignment in condition
  	if((ptr=strstr(rec_msg_buf,"+91")))
  	   ^
"user.c", line 173: Warning:  #513-D: a value of type "char *" cannot be assigned to an entity of type "U8 *"
  	if((ptr=strstr(rec_msg_buf,"\r")))
  	       ^
"user.c", line 173: Warning:  #1293-D: assignment in condition
  	if((ptr=strstr(rec_msg_buf,"\r")))
  	   ^
"user.c", line 176: Warning:  #167-D: argument of type "U8 *" is incompatible with parameter of type "char *"
  		hextoascii(ptr);
  		           ^
"user.c", line 180: Warning:  #167-D: argument of type "U8 *" is incompatible with parameter of type "const S8 *"
  	if(strcmp(Rec_Mbl_No, AMN)==0 || strcmp(Rec_Mbl_No, DMN)==0){
  	          ^
"user.c", line 180: Warning:  #167-D: argument of type "U8 *" is incompatible with parameter of type "const S8 *"
  	if(strcmp(Rec_Mbl_No, AMN)==0 || strcmp(Rec_Mbl_No, DMN)==0){
  	                      ^
"user.c", line 180: Warning:  #167-D: argument of type "U8 *" is incompatible with parameter of type "const S8 *"
  	if(strcmp(Rec_Mbl_No, AMN)==0 || strcmp(Rec_Mbl_No, DMN)==0){
  	                                        ^
"user.c", line 180: Warning:  #167-D: argument of type "U8 *" is incompatible with parameter of type "const S8 *"
  	if(strcmp(Rec_Mbl_No, AMN)==0 || strcmp(Rec_Mbl_No, DMN)==0){
  	                                                    ^
"user.c", line 199: Warning:  #167-D: argument of type "U8 *" is incompatible with parameter of type "char *"
  	if((ptr=strstr(Rec_Msg,"CAMN"))){
  	               ^
"user.c", line 199: Warning:  #513-D: a value of type "char *" cannot be assigned to an entity of type "U8 *"
  	if((ptr=strstr(Rec_Msg,"CAMN"))){
  	       ^
"user.c", line 199: Warning:  #1293-D: assignment in condition
  	if((ptr=strstr(Rec_Msg,"CAMN"))){
  	   ^
"user.c", line 202: Warning:  #167-D: argument of type "U8 *" is incompatible with parameter of type "char *"
  	else if((ptr=strstr(Rec_Msg,"CDMN"))){
  	                    ^
"user.c", line 202: Warning:  #513-D: a value of type "char *" cannot be assigned to an entity of type "U8 *"
  	else if((ptr=strstr(Rec_Msg,"CDMN"))){
  	            ^
"user.c", line 202: Warning:  #1293-D: assignment in condition
  	else if((ptr=strstr(Rec_Msg,"CDMN"))){
  	        ^
"user.c", line 205: Warning:  #167-D: argument of type "U8 *" is incompatible with parameter of type "char *"
  	else if((ptr=strstr(Rec_Msg,"CSPD"))){
  	                    ^
"user.c", line 205: Warning:  #513-D: a value of type "char *" cannot be assigned to an entity of type "U8 *"
  	else if((ptr=strstr(Rec_Msg,"CSPD"))){
  	            ^
"user.c", line 205: Warning:  #1293-D: assignment in condition
  	else if((ptr=strstr(Rec_Msg,"CSPD"))){
  	        ^
"user.c", line 208: Warning:  #167-D: argument of type "U8 *" is incompatible with parameter of type "char *"
  	else if((ptr=strstr(Rec_Msg,"CSPH"))){
  	                    ^
"user.c", line 208: Warning:  #513-D: a value of type "char *" cannot be assigned to an entity of type "U8 *"
  	else if((ptr=strstr(Rec_Msg,"CSPH"))){
  	            ^
"user.c", line 208: Warning:  #1293-D: assignment in condition
  	else if((ptr=strstr(Rec_Msg,"CSPH"))){
  	        ^
"user.c", line 238: Warning:  #167-D: argument of type "U8 *" is incompatible with parameter of type "S8 *"
  			strcpy(msg_data_changed,"Command Format Wrong!!! Please enter valid format\0");
  			       ^
"user.c", line 197: Warning:  #550-D: variable "ptr" was set but never used
  	U8  *ptr = NULL;
  	     ^
"user.c", line 272: Warning:  #167-D: argument of type "U8 *" is incompatible with parameter of type "S8 *"
  	strncpy(temp_data,var,sige);
  	        ^
"user.c", line 272: Warning:  #167-D: argument of type "U8 *" is incompatible with parameter of type "const S8 *"
  	strncpy(temp_data,var,sige);
  	                  ^
"user.c", line 299: Warning:  #167-D: argument of type "U8 *" is incompatible with parameter of type "const S8 *"
  	Neoway_Print("msgcmd->%s  len->%d\r",MSGCMD,strlen(MSGCMD));
  	                                                   ^
"user.c", line 300: Warning:  #167-D: argument of type "U8 *" is incompatible with parameter of type "const S8 *"
  	Neoway_Print("data->%s  len->%d\r",data,strlen(data));
  	                                               ^
"user.c", line 301: Warning:  #167-D: argument of type "U8 *" is incompatible with parameter of type "const S8 *"
  	if(strlen(data)==13 && strcmp(MSGCMD, "CAMN")==0)
  	          ^
"user.c", line 301: Warning:  #167-D: argument of type "U8 *" is incompatible with parameter of type "const S8 *"
  	if(strlen(data)==13 && strcmp(MSGCMD, "CAMN")==0)
  	                              ^
"user.c", line 305: Warning:  #167-D: argument of type "U8 *" is incompatible with parameter of type "S8 *"
  		strncpy(authorised_mobile_no,data,13);
  		        ^
"user.c", line 305: Warning:  #167-D: argument of type "U8 *" is incompatible with parameter of type "const S8 *"
  		strncpy(authorised_mobile_no,data,13);
  		                             ^
"user.c", line 307: Warning:  #167-D: argument of type "U8 *" is incompatible with parameter of type "char *"
  		Neoway_Write_To_File(file_name_str1, authorised_mobile_no, 13);
  		                     ^
"user.c", line 307: Warning:  #167-D: argument of type "U8 *" is incompatible with parameter of type "char *"
  		Neoway_Write_To_File(file_name_str1, authorised_mobile_no, 13);
  		                                     ^
"user.c", line 310: Warning:  #167-D: argument of type "U8 *" is incompatible with parameter of type "S8 *"
  		sprintf(msg_data_changed,"Authorised mobile Number Set to %s\0",authorised_mobile_no);
  		        ^
"user.c", line 312: Warning:  #167-D: argument of type "U8 *" is incompatible with parameter of type "const S8 *"
  	else if(strlen(data)==10 && strcmp(MSGCMD, "CDMN")==0)
  	               ^
"user.c", line 312: Warning:  #167-D: argument of type "U8 *" is incompatible with parameter of type "const S8 *"
  	else if(strlen(data)==10 && strcmp(MSGCMD, "CDMN")==0)
  	                                   ^
"user.c", line 315: Warning:  #167-D: argument of type "U8 *" is incompatible with parameter of type "S8 *"
  		strncpy(desti_mob_number,data,10);							
  		        ^
"user.c", line 315: Warning:  #167-D: argument of type "U8 *" is incompatible with parameter of type "const S8 *"
  		strncpy(desti_mob_number,data,10);							
  		                         ^
"user.c", line 317: Warning:  #167-D: argument of type "U8 *" is incompatible with parameter of type "char *"
  		Neoway_Write_To_File(file_name_str2, desti_mob_number, 10);
  		                     ^
"user.c", line 317: Warning:  #167-D: argument of type "U8 *" is incompatible with parameter of type "char *"
  		Neoway_Write_To_File(file_name_str2, desti_mob_number, 10);
  		                                     ^
"user.c", line 320: Warning:  #167-D: argument of type "U8 *" is incompatible with parameter of type "S8 *"
  		sprintf(MSG_Send_Cmd,"at+cmgs=\"%s\"\r",desti_mob_number);
  		        ^
"user.c", line 322: Warning:  #167-D: argument of type "U8 *" is incompatible with parameter of type "S8 *"
  		sprintf(msg_data_changed,"Destination mobile Number Set to %s\0",desti_mob_number);
  		        ^
"user.c", line 324: Warning:  #167-D: argument of type "U8 *" is incompatible with parameter of type "const S8 *"
  	else if(strlen(data)==2 && strcmp(MSGCMD, "CSPD")==0)
  	               ^
"user.c", line 324: Warning:  #167-D: argument of type "U8 *" is incompatible with parameter of type "const S8 *"
  	else if(strlen(data)==2 && strcmp(MSGCMD, "CSPD")==0)
  	                                  ^
"user.c", line 327: Warning:  #167-D: argument of type "U8 *" is incompatible with parameter of type "S8 *"
  		strncpy(number_of_spd,data,2);
  		        ^
"user.c", line 327: Warning:  #167-D: argument of type "U8 *" is incompatible with parameter of type "const S8 *"
  		strncpy(number_of_spd,data,2);
  		                      ^
"user.c", line 329: Warning:  #167-D: argument of type "U8 *" is incompatible with parameter of type "char *"
  		Neoway_Write_To_File(file_name_str3, number_of_spd, 2);
  		                     ^
"user.c", line 329: Warning:  #167-D: argument of type "U8 *" is incompatible with parameter of type "char *"
  		Neoway_Write_To_File(file_name_str3, number_of_spd, 2);
  		                                     ^
"user.c", line 331: Warning:  #167-D: argument of type "U8 *" is incompatible with parameter of type "char *"
  		no_of_sms=asctoint(number_of_spd);
  		                   ^
"user.c", line 333: Warning:  #167-D: argument of type "U8 *" is incompatible with parameter of type "S8 *"
  		sprintf(msg_data_changed,"Number of SMS/Day Set to %s\0",number_of_spd);
  		        ^
"user.c", line 340: Warning:  #167-D: argument of type "U8 *" is incompatible with parameter of type "const S8 *"
  	else if(strlen(data)==2 && strcmp(MSGCMD, "CSPH")==0)
  	               ^
"user.c", line 340: Warning:  #167-D: argument of type "U8 *" is incompatible with parameter of type "const S8 *"
  	else if(strlen(data)==2 && strcmp(MSGCMD, "CSPH")==0)
  	                                  ^
"user.c", line 343: Warning:  #167-D: argument of type "U8 *" is incompatible with parameter of type "S8 *"
  		strncpy(number_of_sph,data,2);
  		        ^
"user.c", line 343: Warning:  #167-D: argument of type "U8 *" is incompatible with parameter of type "const S8 *"
  		strncpy(number_of_sph,data,2);
  		                      ^
"user.c", line 345: Warning:  #167-D: argument of type "U8 *" is incompatible with parameter of type "char *"
  		no_of_sms=asctoint(number_of_sph);
  		                   ^
"user.c", line 347: Warning:  #167-D: argument of type "U8 *" is incompatible with parameter of type "S8 *"
  		sprintf(msg_data_changed,"Number of SMS/Hour Set to %s\0",number_of_sph);
  		        ^
"user.c", line 356: Warning:  #167-D: argument of type "U8 *" is incompatible with parameter of type "const S8 *"
  		if(strcmp(MSGCMD, "CAMN")==0){
  		          ^
"user.c", line 357: Warning:  #167-D: argument of type "U8 *" is incompatible with parameter of type "S8 *"
  			sprintf(msg_data_changed,"please enter correct format CAMN<space><+91mobilenumber>\0");
  			        ^
"user.c", line 359: Warning:  #167-D: argument of type "U8 *" is incompatible with parameter of type "const S8 *"
  		else if(strcmp(MSGCMD, "CDMN")==0){
  		               ^
"user.c", line 360: Warning:  #167-D: argument of type "U8 *" is incompatible with parameter of type "S8 *"
  			sprintf(msg_data_changed,"please enter correct format CDMN<space><mobilenumber>\0");
  			        ^
"user.c", line 362: Warning:  #167-D: argument of type "U8 *" is incompatible with parameter of type "const S8 *"
  		else if(strcmp(MSGCMD, "CSPD")==0){
  		               ^
"user.c", line 363: Warning:  #167-D: argument of type "U8 *" is incompatible with parameter of type "S8 *"
  			sprintf(msg_data_changed,"please enter correct format CSPD<space><2digitnumber>\0");
  			        ^
"user.c", line 365: Warning:  #167-D: argument of type "U8 *" is incompatible with parameter of type "const S8 *"
  		else if(strcmp(MSGCMD, "CSPH")==0){
  		               ^
"user.c", line 366: Warning:  #167-D: argument of type "U8 *" is incompatible with parameter of type "S8 *"
  			sprintf(msg_data_changed,"please enter correct format CSPH<space><2digitnumber>\0");
  			        ^
"user.c", line 369: Warning:  #167-D: argument of type "U8 *" is incompatible with parameter of type "S8 *"
  			strcpy(msg_data_changed,"Command Format Wrong!!!\0");
  			       ^
"user.c", line 383: Warning:  #167-D: argument of type "U8 *" is incompatible with parameter of type "char *"
  	Neoway_Read_File(file_name_str1, authorised_mobile_no, 13);
  	                 ^
"user.c", line 383: Warning:  #167-D: argument of type "U8 *" is incompatible with parameter of type "char *"
  	Neoway_Read_File(file_name_str1, authorised_mobile_no, 13);
  	                                 ^
"user.c", line 384: Warning:  #167-D: argument of type "U8 *" is incompatible with parameter of type "char *"
  	Neoway_Read_File(file_name_str2, desti_mob_number, 10);
  	                 ^
"user.c", line 384: Warning:  #167-D: argument of type "U8 *" is incompatible with parameter of type "char *"
  	Neoway_Read_File(file_name_str2, desti_mob_number, 10);
  	                                 ^
"user.c", line 385: Warning:  #167-D: argument of type "U8 *" is incompatible with parameter of type "char *"
  	Neoway_Read_File(file_name_str3, number_of_spd, 2);
  	                 ^
"user.c", line 385: Warning:  #167-D: argument of type "U8 *" is incompatible with parameter of type "char *"
  	Neoway_Read_File(file_name_str3, number_of_spd, 2);
  	                                 ^
"user.c", line 386: Warning:  #167-D: argument of type "U8 *" is incompatible with parameter of type "char *"
  	no_of_sms=asctoint(number_of_spd);
  	                   ^
"user.c", line 38: Warning:  #177-D: variable "RTC_TIME_CHANGE" was declared but never referenced
  static U16 RTC_TIME_CHANGE = 0, TYPE_FIRST = 0, TYPE_HOUR = 0, TYPE_DAY = 0; 
             ^
user.c: 78 warnings, 0 errors
"file_system.c", line 82: Warning:  #167-D: argument of type "char *" is incompatible with parameter of type "const S8 *"
  			if(strcmp(file_name, "amn.txt")== 0){
  			          ^
"file_system.c", line 83: Warning:  #167-D: argument of type "U8 *" is incompatible with parameter of type "char *"
  				No_Data_Write_Fun(file_name, AMN, size);
  				                             ^
"file_system.c", line 85: Warning:  #167-D: argument of type "char *" is incompatible with parameter of type "const S8 *"
  			else if(strcmp(file_name, "dmn.txt")== 0){
  			               ^
"file_system.c", line 86: Warning:  #167-D: argument of type "U8 *" is incompatible with parameter of type "char *"
  				No_Data_Write_Fun(file_name, DMN, size);
  				                             ^
"file_system.c", line 88: Warning:  #167-D: argument of type "char *" is incompatible with parameter of type "const S8 *"
  			else if(strcmp(file_name, "spd.txt")== 0){
  			               ^
"file_system.c", line 89: Warning:  #167-D: argument of type "U8 *" is incompatible with parameter of type "char *"
  				No_Data_Write_Fun(file_name, SPD, size);
  				                             ^
file_system.c: 6 warnings, 0 errors
Warning: L6305W: Image does not have an entry point. (Not specified or not set due to multiple choices.)
Warning: L6318W: lc_ctype_c.o(locale$$code) contains branch to a non-code symbol strcmp.
Finished: 0 information, 2 warning and 0 error messages.
